<?xml version="1.0" encoding="UTF-8"?>
<!-- Generated by org.testng.reporters.JUnitReportReporter -->
<testsuite hostname="ITT-MANJUNATH-K" failures="0" tests="1" name="WebTable" time="46.269" errors="0" timestamp="2024-12-06T14:20:06 IST" skipped="0">
  <testcase classname="WebTable" name="webTable" time="46.269"/>
</testsuite> <!-- WebTable -->
