<?xml version="1.0" encoding="UTF-8"?>
<!-- Generated by org.testng.reporters.JUnitReportReporter -->
<testsuite hostname="ITT-MANJUNATH-K" failures="0" tests="1" name="NewCode" time="0.000" errors="0" timestamp="2024-12-06T14:20:06 IST" skipped="0">
  <testcase classname="NewCode" name="reverseInteger" time="0.000"/>
</testsuite> <!-- NewCode -->
