<?xml version="1.0" encoding="UTF-8"?>
<!-- Generated by org.testng.reporters.JUnitReportReporter -->
<testsuite hostname="ITT-MANJUNATH-K" failures="0" tests="1" name="WindowHandles1" time="3.224" errors="0" timestamp="2024-12-05T15:06:48 IST" skipped="0">
  <testcase classname="WindowHandles1" name="windowHandles" time="3.224"/>
</testsuite> <!-- WindowHandles1 -->
