<?xml version="1.0" encoding="UTF-8"?>
<!-- Generated by org.testng.reporters.JUnitReportReporter -->
<testsuite hostname="ITT-MANJUNATH-K" failures="0" tests="1" name="WebTable" time="36.511" errors="0" timestamp="2024-12-05T15:06:48 IST" skipped="0">
  <testcase classname="WebTable" name="webTable" time="36.511"/>
</testsuite> <!-- WebTable -->
