<?xml version="1.0" encoding="UTF-8"?>
<!-- Generated by org.testng.reporters.JUnitReportReporter -->
<testsuite hostname="ITT-MANJUNATH-K" failures="0" tests="1" name="WindowHandles1" time="2.998" errors="0" timestamp="2024-12-06T14:20:06 IST" skipped="0">
  <testcase classname="WindowHandles1" name="windowHandles" time="2.998"/>
</testsuite> <!-- WindowHandles1 -->
